<?xml version="1.0" encoding="UTF-8"?>
<testng-results skipped="0" failed="0" ignored="0" total="1" passed="1">
  <reporter-output>
  </reporter-output>
  <suite name="Default suite" duration-ms="2253" started-at="2021-01-24T11:34:17Z" finished-at="2021-01-24T11:34:20Z">
    <groups>
    </groups>
    <test name="Default test" duration-ms="2253" started-at="2021-01-24T11:34:17Z" finished-at="2021-01-24T11:34:20Z">
      <class name="getCheck.GetRequest">
        <test-method status="PASS" signature="getcharitydetails()[pri:0, instance:getCheck.GetRequest@d8355a8]" name="getcharitydetails" duration-ms="2234" started-at="2021-01-24T11:34:17Z" finished-at="2021-01-24T11:34:20Z">
          <reporter-output>
          </reporter-output>
        </test-method> <!-- getcharitydetails -->
      </class> <!-- getCheck.GetRequest -->
    </test> <!-- Default test -->
  </suite> <!-- Default suite -->
</testng-results>
